|==============================================================================|
|=========                      OpenRAM v1.1.19                       =========|
|=========                                                            =========|
|=========               VLSI Design and Automation Lab               =========|
|=========        Computer Science and Engineering Department         =========|
|=========            University of California Santa Cruz             =========|
|=========                                                            =========|
|=========          Usage help: openram-user-group@ucsc.edu           =========|
|=========        Development help: openram-dev-group@ucsc.edu        =========|
|=========           Temp dir: /tmp/openram_tuan_3903_temp/           =========|
|=========                See LICENSE for license info                =========|
|==============================================================================|
** Start: 04/30/2025 01:29:13
Technology: sky130A
Total size: 2048 bits
Word size: 8
Words: 256
Banks: 1
Write size: None
RW ports: 1
R-only ports: 0
W-only ports: 0
DRC/LVS/PEX is only run on the top-level design to save run-time (inline_lvsdrc=True to do inline checking).
DRC/LVS/PEX is disabled (check_lvsdrc=True to enable).
Characterization is disabled (using analytical delay models) (analytical_delay=False to simulate).
Words per row: 8
Output files are: 
/home/tuan/Desktop/SPI/sram_8_256_sky130A.lvs
/home/tuan/Desktop/SPI/sram_8_256_sky130A.sp
/home/tuan/Desktop/SPI/sram_8_256_sky130A.v
/home/tuan/Desktop/SPI/sram_8_256_sky130A.lib
/home/tuan/Desktop/SPI/sram_8_256_sky130A.py
/home/tuan/Desktop/SPI/sram_8_256_sky130A.html
/home/tuan/Desktop/SPI/sram_8_256_sky130A.log
/home/tuan/Desktop/SPI/sram_8_256_sky130A.lef
/home/tuan/Desktop/SPI/sram_8_256_sky130A.gds
** Submodules: 2.8 seconds
** Placement: 0.0 seconds
**** Retrieving pins: 0.0 seconds
**** Analyzing pins: 0.0 seconds
**** Finding blockages: 0.4 seconds
**** Converting blockages: 0.2 seconds
**** Converting pins: 0.0 seconds
**** Separating adjacent pins: 0.0 seconds
**** Enclosing pins: 0.0 seconds
*** Finding pins and blockages: 5.1 seconds
*** Maze routing pins: 15.2 seconds
**** Retrieving pins: 0.0 seconds
**** Analyzing pins: 0.6 seconds
**** Finding blockages: 1.0 seconds
**** Converting blockages: 0.0 seconds
**** Converting pins: 0.8 seconds
**** Separating adjacent pins: 0.5 seconds
**** Enclosing pins: 1.0 seconds
*** Finding pins and blockages: 9.1 seconds
*** Maze routing supplies: 69.0 seconds
** Routing: 139.0 seconds
** Verification: 0.0 seconds
** SRAM creation: 142.1 seconds
SP: Writing to /home/tuan/Desktop/SPI/sram_8_256_sky130A.sp
** Spice writing: 0.6 seconds
GDS: Writing to /home/tuan/Desktop/SPI/sram_8_256_sky130A.gds
** GDS: 0.6 seconds
LEF: Writing to /home/tuan/Desktop/SPI/sram_8_256_sky130A.lef
** LEF: 0.0 seconds
LVS: Writing to /home/tuan/Desktop/SPI/sram_8_256_sky130A.lvs.sp
** LVS writing: 0.0 seconds
LIB: Characterizing... 
** Characterization: 2.5 seconds
Config: Writing to /home/tuan/Desktop/SPI/sram_8_256_sky130A.py
** Config: 0.0 seconds
Datasheet: Writing to /home/tuan/Desktop/SPI/sram_8_256_sky130A.html
** Datasheet: 0.1 seconds
Verilog: Writing to /home/tuan/Desktop/SPI/sram_8_256_sky130A.v
** Verilog: 0.0 seconds
** End: 146.0 seconds
